<?xml version="1.0" encoding="UTF-8"?>
<!-- Generated by org.testng.reporters.JUnitReportReporter -->
<testsuite name="com.wbl.test.TestTwitterRestApi" tests="3" time="1.060" ignored="0" failures="0" timestamp="06 May 2017 00:57:06 GMT" skipped="0" hostname="KFAutie-S47" errors="0">
  <testcase name="testPostAccountUpdates" time="0.139" classname="com.wbl.test.TestTwitterRestApi"/>
  <testcase name="testPostMessage" time="0.121" classname="com.wbl.test.TestTwitterRestApi"/>
  <testcase name="testGetAccountSettings" time="0.800" classname="com.wbl.test.TestTwitterRestApi"/>
</testsuite> <!-- com.wbl.test.TestTwitterRestApi -->
